2024-12-06 01:00:52,421  INFO 101829 --- [main] c.l.kafka.consumer.ConsumerApplication   : Starting ConsumerApplication using Java 17.0.11 with PID 101829 (/home/demori/spring_ws/kafka_e_RabbitMQ/kafka/consumer/target/classes started by demori in /home/demori/spring_ws/kafka_e_RabbitMQ/kafka/consumer)
2024-12-06 01:00:52,429  INFO 101829 --- [main] c.l.kafka.consumer.ConsumerApplication   : No active profile set, falling back to 1 default profile: "default"
2024-12-06 01:00:53,228  INFO 101829 --- [main] o.s.cloud.context.scope.GenericScope     : BeanFactory id=acea681e-00d8-3a04-8bfe-560fbd1e9514
2024-12-06 01:00:53,594  INFO 101829 --- [main] o.s.b.w.embedded.tomcat.TomcatWebServer  : Tomcat initialized with port(s): 10003 (http)
2024-12-06 01:00:53,606  INFO 101829 --- [main] o.apache.catalina.core.StandardService   : Starting service [Tomcat]
2024-12-06 01:00:53,607  INFO 101829 --- [main] o.apache.catalina.core.StandardEngine    : Starting Servlet engine: [Apache Tomcat/10.1.15]
2024-12-06 01:00:53,700  INFO 101829 --- [main] o.a.c.c.C.[Tomcat].[localhost].[/]       : Initializing Spring embedded WebApplicationContext
2024-12-06 01:00:53,700  INFO 101829 --- [main] w.s.c.ServletWebServerApplicationContext : Root WebApplicationContext: initialization completed in 1204 ms
2024-12-06 01:00:54,342  INFO 101829 --- [main] o.s.b.w.embedded.tomcat.TomcatWebServer  : Tomcat started on port(s): 10003 (http) with context path ''
2024-12-06 01:00:54,411  INFO 101829 --- [main] o.a.k.clients.consumer.ConsumerConfig    : ConsumerConfig values: 
	allow.auto.create.topics = true
	auto.commit.interval.ms = 5000
	auto.include.jmx.reporter = true
	auto.offset.reset = latest
	bootstrap.servers = [54.196.138.162:8080]
	check.crcs = true
	client.dns.lookup = use_all_dns_ips
	client.id = consumer-mdlpbr2-1
	client.rack = 
	connections.max.idle.ms = 540000
	default.api.timeout.ms = 60000
	enable.auto.commit = false
	exclude.internal.topics = true
	fetch.max.bytes = 52428800
	fetch.max.wait.ms = 500
	fetch.min.bytes = 1
	group.id = mdlpbr2
	group.instance.id = null
	heartbeat.interval.ms = 3000
	interceptor.classes = []
	internal.leave.group.on.close = true
	internal.throw.on.fetch.stable.offset.unsupported = false
	isolation.level = read_uncommitted
	key.deserializer = class org.apache.kafka.common.serialization.StringDeserializer
	max.partition.fetch.bytes = 1048576
	max.poll.interval.ms = 300000
	max.poll.records = 500
	metadata.max.age.ms = 300000
	metric.reporters = []
	metrics.num.samples = 2
	metrics.recording.level = INFO
	metrics.sample.window.ms = 30000
	partition.assignment.strategy = [class org.apache.kafka.clients.consumer.RangeAssignor, class org.apache.kafka.clients.consumer.CooperativeStickyAssignor]
	receive.buffer.bytes = 65536
	reconnect.backoff.max.ms = 1000
	reconnect.backoff.ms = 50
	request.timeout.ms = 30000
	retry.backoff.ms = 100
	sasl.client.callback.handler.class = null
	sasl.jaas.config = null
	sasl.kerberos.kinit.cmd = /usr/bin/kinit
	sasl.kerberos.min.time.before.relogin = 60000
	sasl.kerberos.service.name = null
	sasl.kerberos.ticket.renew.jitter = 0.05
	sasl.kerberos.ticket.renew.window.factor = 0.8
	sasl.login.callback.handler.class = null
	sasl.login.class = null
	sasl.login.connect.timeout.ms = null
	sasl.login.read.timeout.ms = null
	sasl.login.refresh.buffer.seconds = 300
	sasl.login.refresh.min.period.seconds = 60
	sasl.login.refresh.window.factor = 0.8
	sasl.login.refresh.window.jitter = 0.05
	sasl.login.retry.backoff.max.ms = 10000
	sasl.login.retry.backoff.ms = 100
	sasl.mechanism = GSSAPI
	sasl.oauthbearer.clock.skew.seconds = 30
	sasl.oauthbearer.expected.audience = null
	sasl.oauthbearer.expected.issuer = null
	sasl.oauthbearer.jwks.endpoint.refresh.ms = 3600000
	sasl.oauthbearer.jwks.endpoint.retry.backoff.max.ms = 10000
	sasl.oauthbearer.jwks.endpoint.retry.backoff.ms = 100
	sasl.oauthbearer.jwks.endpoint.url = null
	sasl.oauthbearer.scope.claim.name = scope
	sasl.oauthbearer.sub.claim.name = sub
	sasl.oauthbearer.token.endpoint.url = null
	security.protocol = PLAINTEXT
	security.providers = null
	send.buffer.bytes = 131072
	session.timeout.ms = 45000
	socket.connection.setup.timeout.max.ms = 30000
	socket.connection.setup.timeout.ms = 10000
	ssl.cipher.suites = null
	ssl.enabled.protocols = [TLSv1.2, TLSv1.3]
	ssl.endpoint.identification.algorithm = https
	ssl.engine.factory.class = null
	ssl.key.password = null
	ssl.keymanager.algorithm = SunX509
	ssl.keystore.certificate.chain = null
	ssl.keystore.key = null
	ssl.keystore.location = null
	ssl.keystore.password = null
	ssl.keystore.type = JKS
	ssl.protocol = TLSv1.3
	ssl.provider = null
	ssl.secure.random.implementation = null
	ssl.trustmanager.algorithm = PKIX
	ssl.truststore.certificates = null
	ssl.truststore.location = null
	ssl.truststore.password = null
	ssl.truststore.type = JKS
	value.deserializer = class org.springframework.kafka.support.serializer.JsonDeserializer

2024-12-06 01:00:54,522  INFO 101829 --- [main] o.a.kafka.common.utils.AppInfoParser     : Kafka version: 3.4.1
2024-12-06 01:00:54,523  INFO 101829 --- [main] o.a.kafka.common.utils.AppInfoParser     : Kafka commitId: 8a516edc2755df89
2024-12-06 01:00:54,523  INFO 101829 --- [main] o.a.kafka.common.utils.AppInfoParser     : Kafka startTimeMs: 1733457654521
2024-12-06 01:00:54,527  INFO 101829 --- [main] o.a.k.clients.consumer.KafkaConsumer     : [Consumer clientId=consumer-mdlpbr2-1, groupId=mdlpbr2] Subscribed to topic(s): mdlpbr2Tgi
2024-12-06 01:00:54,548  INFO 101829 --- [main] c.l.kafka.consumer.ConsumerApplication   : Started ConsumerApplication in 2.703 seconds (process running for 3.093)
2024-12-06 01:00:55,237  INFO 101829 --- [org.springframework.kafka.KafkaListenerEndpointContainer#0-0-C-1] org.apache.kafka.clients.Metadata        : [Consumer clientId=consumer-mdlpbr2-1, groupId=mdlpbr2] Resetting the last seen epoch of partition mdlpbr2Tgi-0 to 0 since the associated topicId changed from null to 8YE3X1rPTuGAm7cRTcjRiQ
2024-12-06 01:00:55,238  INFO 101829 --- [org.springframework.kafka.KafkaListenerEndpointContainer#0-0-C-1] org.apache.kafka.clients.Metadata        : [Consumer clientId=consumer-mdlpbr2-1, groupId=mdlpbr2] Resetting the last seen epoch of partition mdlpbr2Tgi-2 to 0 since the associated topicId changed from null to 8YE3X1rPTuGAm7cRTcjRiQ
2024-12-06 01:00:55,239  INFO 101829 --- [org.springframework.kafka.KafkaListenerEndpointContainer#0-0-C-1] org.apache.kafka.clients.Metadata        : [Consumer clientId=consumer-mdlpbr2-1, groupId=mdlpbr2] Resetting the last seen epoch of partition mdlpbr2Tgi-1 to 0 since the associated topicId changed from null to 8YE3X1rPTuGAm7cRTcjRiQ
2024-12-06 01:00:55,242  INFO 101829 --- [org.springframework.kafka.KafkaListenerEndpointContainer#0-0-C-1] org.apache.kafka.clients.Metadata        : [Consumer clientId=consumer-mdlpbr2-1, groupId=mdlpbr2] Cluster ID: IEXiwyT8RWujNSgK6mq9-w
2024-12-06 01:00:55,244  INFO 101829 --- [org.springframework.kafka.KafkaListenerEndpointContainer#0-0-C-1] o.a.k.c.c.internals.ConsumerCoordinator  : [Consumer clientId=consumer-mdlpbr2-1, groupId=mdlpbr2] Discovered group coordinator 54.196.138.162:8080 (id: 2147483647 rack: null)
2024-12-06 01:00:55,247  INFO 101829 --- [org.springframework.kafka.KafkaListenerEndpointContainer#0-0-C-1] o.a.k.c.c.internals.ConsumerCoordinator  : [Consumer clientId=consumer-mdlpbr2-1, groupId=mdlpbr2] (Re-)joining group
2024-12-06 01:00:55,618  INFO 101829 --- [org.springframework.kafka.KafkaListenerEndpointContainer#0-0-C-1] o.a.k.c.c.internals.ConsumerCoordinator  : [Consumer clientId=consumer-mdlpbr2-1, groupId=mdlpbr2] Request joining group due to: need to re-join with the given member-id: consumer-mdlpbr2-1-db09e7db-7a73-40ba-af67-6017b69e0584
2024-12-06 01:00:55,619  INFO 101829 --- [org.springframework.kafka.KafkaListenerEndpointContainer#0-0-C-1] o.a.k.c.c.internals.ConsumerCoordinator  : [Consumer clientId=consumer-mdlpbr2-1, groupId=mdlpbr2] Request joining group due to: rebalance failed due to 'The group member needs to have a valid member id before actually entering a consumer group.' (MemberIdRequiredException)
2024-12-06 01:00:55,620  INFO 101829 --- [org.springframework.kafka.KafkaListenerEndpointContainer#0-0-C-1] o.a.k.c.c.internals.ConsumerCoordinator  : [Consumer clientId=consumer-mdlpbr2-1, groupId=mdlpbr2] (Re-)joining group
2024-12-06 01:00:55,747  INFO 101829 --- [org.springframework.kafka.KafkaListenerEndpointContainer#0-0-C-1] o.a.k.c.c.internals.ConsumerCoordinator  : [Consumer clientId=consumer-mdlpbr2-1, groupId=mdlpbr2] Successfully joined group with generation Generation{generationId=1, memberId='consumer-mdlpbr2-1-db09e7db-7a73-40ba-af67-6017b69e0584', protocol='range'}
2024-12-06 01:00:55,750  INFO 101829 --- [org.springframework.kafka.KafkaListenerEndpointContainer#0-0-C-1] o.a.k.c.c.internals.ConsumerCoordinator  : [Consumer clientId=consumer-mdlpbr2-1, groupId=mdlpbr2] Finished assignment for group at generation 1: {consumer-mdlpbr2-1-db09e7db-7a73-40ba-af67-6017b69e0584=Assignment(partitions=[mdlpbr2Tgi-0, mdlpbr2Tgi-1, mdlpbr2Tgi-2])}
2024-12-06 01:00:55,880  INFO 101829 --- [org.springframework.kafka.KafkaListenerEndpointContainer#0-0-C-1] o.a.k.c.c.internals.ConsumerCoordinator  : [Consumer clientId=consumer-mdlpbr2-1, groupId=mdlpbr2] Successfully synced group in generation Generation{generationId=1, memberId='consumer-mdlpbr2-1-db09e7db-7a73-40ba-af67-6017b69e0584', protocol='range'}
2024-12-06 01:00:55,881  INFO 101829 --- [org.springframework.kafka.KafkaListenerEndpointContainer#0-0-C-1] o.a.k.c.c.internals.ConsumerCoordinator  : [Consumer clientId=consumer-mdlpbr2-1, groupId=mdlpbr2] Notifying assignor about the new Assignment(partitions=[mdlpbr2Tgi-0, mdlpbr2Tgi-1, mdlpbr2Tgi-2])
2024-12-06 01:00:55,884  INFO 101829 --- [org.springframework.kafka.KafkaListenerEndpointContainer#0-0-C-1] o.a.k.c.c.internals.ConsumerCoordinator  : [Consumer clientId=consumer-mdlpbr2-1, groupId=mdlpbr2] Adding newly assigned partitions: mdlpbr2Tgi-0, mdlpbr2Tgi-1, mdlpbr2Tgi-2
2024-12-06 01:00:56,023  INFO 101829 --- [org.springframework.kafka.KafkaListenerEndpointContainer#0-0-C-1] o.a.k.c.c.internals.ConsumerCoordinator  : [Consumer clientId=consumer-mdlpbr2-1, groupId=mdlpbr2] Found no committed offset for partition mdlpbr2Tgi-0
2024-12-06 01:00:56,023  INFO 101829 --- [org.springframework.kafka.KafkaListenerEndpointContainer#0-0-C-1] o.a.k.c.c.internals.ConsumerCoordinator  : [Consumer clientId=consumer-mdlpbr2-1, groupId=mdlpbr2] Found no committed offset for partition mdlpbr2Tgi-2
2024-12-06 01:00:56,023  INFO 101829 --- [org.springframework.kafka.KafkaListenerEndpointContainer#0-0-C-1] o.a.k.c.c.internals.ConsumerCoordinator  : [Consumer clientId=consumer-mdlpbr2-1, groupId=mdlpbr2] Found no committed offset for partition mdlpbr2Tgi-1
2024-12-06 01:00:56,242  INFO 101829 --- [org.springframework.kafka.KafkaListenerEndpointContainer#0-0-C-1] o.a.k.c.c.internals.ConsumerCoordinator  : [Consumer clientId=consumer-mdlpbr2-1, groupId=mdlpbr2] Found no committed offset for partition mdlpbr2Tgi-0
2024-12-06 01:00:56,243  INFO 101829 --- [org.springframework.kafka.KafkaListenerEndpointContainer#0-0-C-1] o.a.k.c.c.internals.ConsumerCoordinator  : [Consumer clientId=consumer-mdlpbr2-1, groupId=mdlpbr2] Found no committed offset for partition mdlpbr2Tgi-2
2024-12-06 01:00:56,243  INFO 101829 --- [org.springframework.kafka.KafkaListenerEndpointContainer#0-0-C-1] o.a.k.c.c.internals.ConsumerCoordinator  : [Consumer clientId=consumer-mdlpbr2-1, groupId=mdlpbr2] Found no committed offset for partition mdlpbr2Tgi-1
2024-12-06 01:00:56,627  INFO 101829 --- [org.springframework.kafka.KafkaListenerEndpointContainer#0-0-C-1] o.a.k.c.c.internals.SubscriptionState    : [Consumer clientId=consumer-mdlpbr2-1, groupId=mdlpbr2] Resetting offset for partition mdlpbr2Tgi-0 to position FetchPosition{offset=14, offsetEpoch=Optional.empty, currentLeader=LeaderAndEpoch{leader=Optional[54.196.138.162:8080 (id: 0 rack: null)], epoch=0}}.
2024-12-06 01:00:56,628  INFO 101829 --- [org.springframework.kafka.KafkaListenerEndpointContainer#0-0-C-1] o.a.k.c.c.internals.SubscriptionState    : [Consumer clientId=consumer-mdlpbr2-1, groupId=mdlpbr2] Resetting offset for partition mdlpbr2Tgi-2 to position FetchPosition{offset=20, offsetEpoch=Optional.empty, currentLeader=LeaderAndEpoch{leader=Optional[54.196.138.162:8080 (id: 0 rack: null)], epoch=0}}.
2024-12-06 01:00:56,629  INFO 101829 --- [org.springframework.kafka.KafkaListenerEndpointContainer#0-0-C-1] o.a.k.c.c.internals.SubscriptionState    : [Consumer clientId=consumer-mdlpbr2-1, groupId=mdlpbr2] Resetting offset for partition mdlpbr2Tgi-1 to position FetchPosition{offset=14, offsetEpoch=Optional.empty, currentLeader=LeaderAndEpoch{leader=Optional[54.196.138.162:8080 (id: 0 rack: null)], epoch=0}}.
2024-12-06 01:00:56,772  INFO 101829 --- [org.springframework.kafka.KafkaListenerEndpointContainer#0-0-C-1] o.s.k.l.KafkaMessageListenerContainer    : mdlpbr2: partitions assigned: [mdlpbr2Tgi-0, mdlpbr2Tgi-1, mdlpbr2Tgi-2]
2024-12-06 01:01:51,607  INFO 101829 --- [org.springframework.kafka.KafkaListenerEndpointContainer#0-0-C-1] c.l.k.consumer.consumer.messageConsumer  : Received Message in partition 1
2024-12-06 01:01:51,607  INFO 101829 --- [org.springframework.kafka.KafkaListenerEndpointContainer#0-0-C-1] c.l.k.consumer.consumer.messageConsumer  : Received Message: MessageDTO(uniqueID=ba05bcdf-fb73-4a66-acfc-99b089f7e5ab, subject=teste de comunicação, payload=teste de comunicação )
2024-12-06 01:01:55,434  INFO 101829 --- [org.springframework.kafka.KafkaListenerEndpointContainer#0-0-C-1] c.l.k.consumer.consumer.messageConsumer  : Received Message in partition 2
2024-12-06 01:01:55,434  INFO 101829 --- [org.springframework.kafka.KafkaListenerEndpointContainer#0-0-C-1] c.l.k.consumer.consumer.messageConsumer  : Received Message: MessageDTO(uniqueID=2d9b313e-16cf-47ca-9f7b-d7201e498159, subject=teste de comunicação, payload=teste de comunicação )
2024-12-06 01:02:02,444  INFO 101829 --- [org.springframework.kafka.KafkaListenerEndpointContainer#0-0-C-1] o.a.k.c.c.internals.ConsumerCoordinator  : [Consumer clientId=consumer-mdlpbr2-1, groupId=mdlpbr2] Revoke previously assigned partitions mdlpbr2Tgi-0, mdlpbr2Tgi-1, mdlpbr2Tgi-2
2024-12-06 01:02:02,445  INFO 101829 --- [org.springframework.kafka.KafkaListenerEndpointContainer#0-0-C-1] o.s.k.l.KafkaMessageListenerContainer    : mdlpbr2: partitions revoked: [mdlpbr2Tgi-0, mdlpbr2Tgi-1, mdlpbr2Tgi-2]
2024-12-06 01:02:02,447  INFO 101829 --- [org.springframework.kafka.KafkaListenerEndpointContainer#0-0-C-1] o.a.k.c.c.internals.ConsumerCoordinator  : [Consumer clientId=consumer-mdlpbr2-1, groupId=mdlpbr2] Member consumer-mdlpbr2-1-db09e7db-7a73-40ba-af67-6017b69e0584 sending LeaveGroup request to coordinator 54.196.138.162:8080 (id: 2147483647 rack: null) due to the consumer unsubscribed from all topics
2024-12-06 01:02:02,449  INFO 101829 --- [org.springframework.kafka.KafkaListenerEndpointContainer#0-0-C-1] o.a.k.c.c.internals.ConsumerCoordinator  : [Consumer clientId=consumer-mdlpbr2-1, groupId=mdlpbr2] Resetting generation and member id due to: consumer pro-actively leaving the group
2024-12-06 01:02:02,449  INFO 101829 --- [org.springframework.kafka.KafkaListenerEndpointContainer#0-0-C-1] o.a.k.c.c.internals.ConsumerCoordinator  : [Consumer clientId=consumer-mdlpbr2-1, groupId=mdlpbr2] Request joining group due to: consumer pro-actively leaving the group
2024-12-06 01:02:02,449  INFO 101829 --- [org.springframework.kafka.KafkaListenerEndpointContainer#0-0-C-1] o.a.k.clients.consumer.KafkaConsumer     : [Consumer clientId=consumer-mdlpbr2-1, groupId=mdlpbr2] Unsubscribed all topics or patterns and assigned partitions
2024-12-06 01:02:02,450  INFO 101829 --- [org.springframework.kafka.KafkaListenerEndpointContainer#0-0-C-1] o.a.k.c.c.internals.ConsumerCoordinator  : [Consumer clientId=consumer-mdlpbr2-1, groupId=mdlpbr2] Resetting generation and member id due to: consumer pro-actively leaving the group
2024-12-06 01:02:02,451  INFO 101829 --- [org.springframework.kafka.KafkaListenerEndpointContainer#0-0-C-1] o.a.k.c.c.internals.ConsumerCoordinator  : [Consumer clientId=consumer-mdlpbr2-1, groupId=mdlpbr2] Request joining group due to: consumer pro-actively leaving the group
2024-12-06 01:02:02,583  INFO 101829 --- [org.springframework.kafka.KafkaListenerEndpointContainer#0-0-C-1] o.apache.kafka.common.metrics.Metrics    : Metrics scheduler closed
2024-12-06 01:02:02,583  INFO 101829 --- [org.springframework.kafka.KafkaListenerEndpointContainer#0-0-C-1] o.apache.kafka.common.metrics.Metrics    : Closing reporter org.apache.kafka.common.metrics.JmxReporter
2024-12-06 01:02:02,583  INFO 101829 --- [org.springframework.kafka.KafkaListenerEndpointContainer#0-0-C-1] o.apache.kafka.common.metrics.Metrics    : Metrics reporters closed
2024-12-06 01:02:02,587  INFO 101829 --- [org.springframework.kafka.KafkaListenerEndpointContainer#0-0-C-1] o.a.kafka.common.utils.AppInfoParser     : App info kafka.consumer for consumer-mdlpbr2-1 unregistered
2024-12-06 01:02:02,588  INFO 101829 --- [org.springframework.kafka.KafkaListenerEndpointContainer#0-0-C-1] o.s.k.l.KafkaMessageListenerContainer    : mdlpbr2: Consumer stopped
2024-12-06 01:30:08,351  INFO 103737 --- [main] c.l.kafka.consumer.ConsumerApplication   : Starting ConsumerApplication using Java 17.0.11 with PID 103737 (/home/demori/spring_ws/kafka_e_RabbitMQ/kafka/consumer/target/classes started by demori in /home/demori/spring_ws/kafka_e_RabbitMQ/kafka/consumer)
2024-12-06 01:30:08,355  INFO 103737 --- [main] c.l.kafka.consumer.ConsumerApplication   : No active profile set, falling back to 1 default profile: "default"
2024-12-06 01:30:09,602  INFO 103737 --- [main] o.s.cloud.context.scope.GenericScope     : BeanFactory id=acea681e-00d8-3a04-8bfe-560fbd1e9514
2024-12-06 01:30:10,110  INFO 103737 --- [main] o.s.b.w.embedded.tomcat.TomcatWebServer  : Tomcat initialized with port(s): 10003 (http)
2024-12-06 01:30:10,126  INFO 103737 --- [main] o.apache.catalina.core.StandardService   : Starting service [Tomcat]
2024-12-06 01:30:10,126  INFO 103737 --- [main] o.apache.catalina.core.StandardEngine    : Starting Servlet engine: [Apache Tomcat/10.1.15]
2024-12-06 01:30:10,287  INFO 103737 --- [main] o.a.c.c.C.[Tomcat].[localhost].[/]       : Initializing Spring embedded WebApplicationContext
2024-12-06 01:30:10,287  INFO 103737 --- [main] w.s.c.ServletWebServerApplicationContext : Root WebApplicationContext: initialization completed in 1837 ms
2024-12-06 01:30:11,352  INFO 103737 --- [main] o.s.b.w.embedded.tomcat.TomcatWebServer  : Tomcat started on port(s): 10003 (http) with context path ''
2024-12-06 01:30:11,421  INFO 103737 --- [main] o.a.k.clients.consumer.ConsumerConfig    : ConsumerConfig values: 
	allow.auto.create.topics = true
	auto.commit.interval.ms = 5000
	auto.include.jmx.reporter = true
	auto.offset.reset = latest
	bootstrap.servers = [54.196.138.162:8080]
	check.crcs = true
	client.dns.lookup = use_all_dns_ips
	client.id = consumer-mdlpbr2-1
	client.rack = 
	connections.max.idle.ms = 540000
	default.api.timeout.ms = 60000
	enable.auto.commit = false
	exclude.internal.topics = true
	fetch.max.bytes = 52428800
	fetch.max.wait.ms = 500
	fetch.min.bytes = 1
	group.id = mdlpbr2
	group.instance.id = null
	heartbeat.interval.ms = 3000
	interceptor.classes = []
	internal.leave.group.on.close = true
	internal.throw.on.fetch.stable.offset.unsupported = false
	isolation.level = read_uncommitted
	key.deserializer = class org.apache.kafka.common.serialization.StringDeserializer
	max.partition.fetch.bytes = 1048576
	max.poll.interval.ms = 300000
	max.poll.records = 500
	metadata.max.age.ms = 300000
	metric.reporters = []
	metrics.num.samples = 2
	metrics.recording.level = INFO
	metrics.sample.window.ms = 30000
	partition.assignment.strategy = [class org.apache.kafka.clients.consumer.RangeAssignor, class org.apache.kafka.clients.consumer.CooperativeStickyAssignor]
	receive.buffer.bytes = 65536
	reconnect.backoff.max.ms = 1000
	reconnect.backoff.ms = 50
	request.timeout.ms = 30000
	retry.backoff.ms = 100
	sasl.client.callback.handler.class = null
	sasl.jaas.config = null
	sasl.kerberos.kinit.cmd = /usr/bin/kinit
	sasl.kerberos.min.time.before.relogin = 60000
	sasl.kerberos.service.name = null
	sasl.kerberos.ticket.renew.jitter = 0.05
	sasl.kerberos.ticket.renew.window.factor = 0.8
	sasl.login.callback.handler.class = null
	sasl.login.class = null
	sasl.login.connect.timeout.ms = null
	sasl.login.read.timeout.ms = null
	sasl.login.refresh.buffer.seconds = 300
	sasl.login.refresh.min.period.seconds = 60
	sasl.login.refresh.window.factor = 0.8
	sasl.login.refresh.window.jitter = 0.05
	sasl.login.retry.backoff.max.ms = 10000
	sasl.login.retry.backoff.ms = 100
	sasl.mechanism = GSSAPI
	sasl.oauthbearer.clock.skew.seconds = 30
	sasl.oauthbearer.expected.audience = null
	sasl.oauthbearer.expected.issuer = null
	sasl.oauthbearer.jwks.endpoint.refresh.ms = 3600000
	sasl.oauthbearer.jwks.endpoint.retry.backoff.max.ms = 10000
	sasl.oauthbearer.jwks.endpoint.retry.backoff.ms = 100
	sasl.oauthbearer.jwks.endpoint.url = null
	sasl.oauthbearer.scope.claim.name = scope
	sasl.oauthbearer.sub.claim.name = sub
	sasl.oauthbearer.token.endpoint.url = null
	security.protocol = PLAINTEXT
	security.providers = null
	send.buffer.bytes = 131072
	session.timeout.ms = 45000
	socket.connection.setup.timeout.max.ms = 30000
	socket.connection.setup.timeout.ms = 10000
	ssl.cipher.suites = null
	ssl.enabled.protocols = [TLSv1.2, TLSv1.3]
	ssl.endpoint.identification.algorithm = https
	ssl.engine.factory.class = null
	ssl.key.password = null
	ssl.keymanager.algorithm = SunX509
	ssl.keystore.certificate.chain = null
	ssl.keystore.key = null
	ssl.keystore.location = null
	ssl.keystore.password = null
	ssl.keystore.type = JKS
	ssl.protocol = TLSv1.3
	ssl.provider = null
	ssl.secure.random.implementation = null
	ssl.trustmanager.algorithm = PKIX
	ssl.truststore.certificates = null
	ssl.truststore.location = null
	ssl.truststore.password = null
	ssl.truststore.type = JKS
	value.deserializer = class org.springframework.kafka.support.serializer.JsonDeserializer

2024-12-06 01:30:11,580  INFO 103737 --- [main] o.a.kafka.common.utils.AppInfoParser     : Kafka version: 3.4.1
2024-12-06 01:30:11,583  INFO 103737 --- [main] o.a.kafka.common.utils.AppInfoParser     : Kafka commitId: 8a516edc2755df89
2024-12-06 01:30:11,583  INFO 103737 --- [main] o.a.kafka.common.utils.AppInfoParser     : Kafka startTimeMs: 1733459411578
2024-12-06 01:30:11,588  INFO 103737 --- [main] o.a.k.clients.consumer.KafkaConsumer     : [Consumer clientId=consumer-mdlpbr2-1, groupId=mdlpbr2] Subscribed to topic(s): mdlpbr2Tgi
2024-12-06 01:30:11,623  INFO 103737 --- [main] c.l.kafka.consumer.ConsumerApplication   : Started ConsumerApplication in 4.032 seconds (process running for 4.524)
2024-12-06 01:30:12,419  INFO 103737 --- [org.springframework.kafka.KafkaListenerEndpointContainer#0-0-C-1] org.apache.kafka.clients.Metadata        : [Consumer clientId=consumer-mdlpbr2-1, groupId=mdlpbr2] Resetting the last seen epoch of partition mdlpbr2Tgi-0 to 0 since the associated topicId changed from null to 8YE3X1rPTuGAm7cRTcjRiQ
2024-12-06 01:30:12,421  INFO 103737 --- [org.springframework.kafka.KafkaListenerEndpointContainer#0-0-C-1] org.apache.kafka.clients.Metadata        : [Consumer clientId=consumer-mdlpbr2-1, groupId=mdlpbr2] Resetting the last seen epoch of partition mdlpbr2Tgi-2 to 0 since the associated topicId changed from null to 8YE3X1rPTuGAm7cRTcjRiQ
2024-12-06 01:30:12,421  INFO 103737 --- [org.springframework.kafka.KafkaListenerEndpointContainer#0-0-C-1] org.apache.kafka.clients.Metadata        : [Consumer clientId=consumer-mdlpbr2-1, groupId=mdlpbr2] Resetting the last seen epoch of partition mdlpbr2Tgi-1 to 0 since the associated topicId changed from null to 8YE3X1rPTuGAm7cRTcjRiQ
2024-12-06 01:30:12,423  INFO 103737 --- [org.springframework.kafka.KafkaListenerEndpointContainer#0-0-C-1] org.apache.kafka.clients.Metadata        : [Consumer clientId=consumer-mdlpbr2-1, groupId=mdlpbr2] Cluster ID: IEXiwyT8RWujNSgK6mq9-w
2024-12-06 01:30:12,425  INFO 103737 --- [org.springframework.kafka.KafkaListenerEndpointContainer#0-0-C-1] o.a.k.c.c.internals.ConsumerCoordinator  : [Consumer clientId=consumer-mdlpbr2-1, groupId=mdlpbr2] Discovered group coordinator 54.196.138.162:8080 (id: 2147483647 rack: null)
2024-12-06 01:30:12,427  INFO 103737 --- [org.springframework.kafka.KafkaListenerEndpointContainer#0-0-C-1] o.a.k.c.c.internals.ConsumerCoordinator  : [Consumer clientId=consumer-mdlpbr2-1, groupId=mdlpbr2] (Re-)joining group
2024-12-06 01:30:12,798  INFO 103737 --- [org.springframework.kafka.KafkaListenerEndpointContainer#0-0-C-1] o.a.k.c.c.internals.ConsumerCoordinator  : [Consumer clientId=consumer-mdlpbr2-1, groupId=mdlpbr2] Request joining group due to: need to re-join with the given member-id: consumer-mdlpbr2-1-4d7642f1-0d6e-4e26-987d-d3d42767456b
2024-12-06 01:30:12,799  INFO 103737 --- [org.springframework.kafka.KafkaListenerEndpointContainer#0-0-C-1] o.a.k.c.c.internals.ConsumerCoordinator  : [Consumer clientId=consumer-mdlpbr2-1, groupId=mdlpbr2] Request joining group due to: rebalance failed due to 'The group member needs to have a valid member id before actually entering a consumer group.' (MemberIdRequiredException)
2024-12-06 01:30:12,799  INFO 103737 --- [org.springframework.kafka.KafkaListenerEndpointContainer#0-0-C-1] o.a.k.c.c.internals.ConsumerCoordinator  : [Consumer clientId=consumer-mdlpbr2-1, groupId=mdlpbr2] (Re-)joining group
2024-12-06 01:30:12,923  INFO 103737 --- [org.springframework.kafka.KafkaListenerEndpointContainer#0-0-C-1] o.a.k.c.c.internals.ConsumerCoordinator  : [Consumer clientId=consumer-mdlpbr2-1, groupId=mdlpbr2] Successfully joined group with generation Generation{generationId=3, memberId='consumer-mdlpbr2-1-4d7642f1-0d6e-4e26-987d-d3d42767456b', protocol='range'}
2024-12-06 01:30:12,926  INFO 103737 --- [org.springframework.kafka.KafkaListenerEndpointContainer#0-0-C-1] o.a.k.c.c.internals.ConsumerCoordinator  : [Consumer clientId=consumer-mdlpbr2-1, groupId=mdlpbr2] Finished assignment for group at generation 3: {consumer-mdlpbr2-1-4d7642f1-0d6e-4e26-987d-d3d42767456b=Assignment(partitions=[mdlpbr2Tgi-0, mdlpbr2Tgi-1, mdlpbr2Tgi-2])}
2024-12-06 01:30:13,052  INFO 103737 --- [org.springframework.kafka.KafkaListenerEndpointContainer#0-0-C-1] o.a.k.c.c.internals.ConsumerCoordinator  : [Consumer clientId=consumer-mdlpbr2-1, groupId=mdlpbr2] Successfully synced group in generation Generation{generationId=3, memberId='consumer-mdlpbr2-1-4d7642f1-0d6e-4e26-987d-d3d42767456b', protocol='range'}
2024-12-06 01:30:13,054  INFO 103737 --- [org.springframework.kafka.KafkaListenerEndpointContainer#0-0-C-1] o.a.k.c.c.internals.ConsumerCoordinator  : [Consumer clientId=consumer-mdlpbr2-1, groupId=mdlpbr2] Notifying assignor about the new Assignment(partitions=[mdlpbr2Tgi-0, mdlpbr2Tgi-1, mdlpbr2Tgi-2])
2024-12-06 01:30:13,057  INFO 103737 --- [org.springframework.kafka.KafkaListenerEndpointContainer#0-0-C-1] o.a.k.c.c.internals.ConsumerCoordinator  : [Consumer clientId=consumer-mdlpbr2-1, groupId=mdlpbr2] Adding newly assigned partitions: mdlpbr2Tgi-0, mdlpbr2Tgi-1, mdlpbr2Tgi-2
2024-12-06 01:30:13,330  INFO 103737 --- [org.springframework.kafka.KafkaListenerEndpointContainer#0-0-C-1] o.a.k.c.c.internals.ConsumerCoordinator  : [Consumer clientId=consumer-mdlpbr2-1, groupId=mdlpbr2] Setting offset for partition mdlpbr2Tgi-2 to the committed offset FetchPosition{offset=21, offsetEpoch=Optional.empty, currentLeader=LeaderAndEpoch{leader=Optional[54.196.138.162:8080 (id: 0 rack: null)], epoch=0}}
2024-12-06 01:30:13,333  INFO 103737 --- [org.springframework.kafka.KafkaListenerEndpointContainer#0-0-C-1] o.a.k.c.c.internals.ConsumerCoordinator  : [Consumer clientId=consumer-mdlpbr2-1, groupId=mdlpbr2] Setting offset for partition mdlpbr2Tgi-1 to the committed offset FetchPosition{offset=15, offsetEpoch=Optional.empty, currentLeader=LeaderAndEpoch{leader=Optional[54.196.138.162:8080 (id: 0 rack: null)], epoch=0}}
2024-12-06 01:30:13,334  INFO 103737 --- [org.springframework.kafka.KafkaListenerEndpointContainer#0-0-C-1] o.a.k.c.c.internals.ConsumerCoordinator  : [Consumer clientId=consumer-mdlpbr2-1, groupId=mdlpbr2] Setting offset for partition mdlpbr2Tgi-0 to the committed offset FetchPosition{offset=14, offsetEpoch=Optional.empty, currentLeader=LeaderAndEpoch{leader=Optional[54.196.138.162:8080 (id: 0 rack: null)], epoch=0}}
2024-12-06 01:30:13,437  INFO 103737 --- [org.springframework.kafka.KafkaListenerEndpointContainer#0-0-C-1] o.s.k.l.KafkaMessageListenerContainer    : mdlpbr2: partitions assigned: [mdlpbr2Tgi-0, mdlpbr2Tgi-1, mdlpbr2Tgi-2]
2024-12-06 01:30:13,894  INFO 103737 --- [org.springframework.kafka.KafkaListenerEndpointContainer#0-0-C-1] c.l.k.consumer.consumer.messageConsumer  : Received Message in partition 0
2024-12-06 01:30:13,895  INFO 103737 --- [org.springframework.kafka.KafkaListenerEndpointContainer#0-0-C-1] c.l.k.consumer.consumer.messageConsumer  : Received Message: MessageDTO(uniqueID=2dec9d84-b98c-47bd-b476-a4751f194740, subject=ANDERSON FERREIRA, payload=BOA NOITE FROM VM HOST LINUX DE CAMPO GRANDE RJ)
2024-12-06 01:30:13,896  INFO 103737 --- [org.springframework.kafka.KafkaListenerEndpointContainer#0-0-C-1] c.l.k.consumer.consumer.messageConsumer  : Received Message in partition 0
2024-12-06 01:30:13,897  INFO 103737 --- [org.springframework.kafka.KafkaListenerEndpointContainer#0-0-C-1] c.l.k.consumer.consumer.messageConsumer  : Received Message: MessageDTO(uniqueID=ccf47781-d088-47fd-9051-99cf2d7ee0b4, subject=ANDERSON FERREIRA, payload=BOA NOITE FROM VM HOST LINUX DE CAMPO GRANDE RJ)
2024-12-06 01:30:13,898  INFO 103737 --- [org.springframework.kafka.KafkaListenerEndpointContainer#0-0-C-1] c.l.k.consumer.consumer.messageConsumer  : Received Message in partition 2
2024-12-06 01:30:13,898  INFO 103737 --- [org.springframework.kafka.KafkaListenerEndpointContainer#0-0-C-1] c.l.k.consumer.consumer.messageConsumer  : Received Message: MessageDTO(uniqueID=9a7575bc-b123-494a-912d-68fc31808961, subject=ANDERSON FERREIRA, payload=BOA NOITE FROM VM HOST LINUX DE CAMPO GRANDE RJ - FIM DO DIA)
2024-12-06 01:30:48,065  INFO 103737 --- [org.springframework.kafka.KafkaListenerEndpointContainer#0-0-C-1] o.a.k.c.c.internals.ConsumerCoordinator  : [Consumer clientId=consumer-mdlpbr2-1, groupId=mdlpbr2] Revoke previously assigned partitions mdlpbr2Tgi-0, mdlpbr2Tgi-1, mdlpbr2Tgi-2
2024-12-06 01:30:48,066  INFO 103737 --- [org.springframework.kafka.KafkaListenerEndpointContainer#0-0-C-1] o.s.k.l.KafkaMessageListenerContainer    : mdlpbr2: partitions revoked: [mdlpbr2Tgi-0, mdlpbr2Tgi-1, mdlpbr2Tgi-2]
2024-12-06 01:30:48,067  INFO 103737 --- [org.springframework.kafka.KafkaListenerEndpointContainer#0-0-C-1] o.a.k.c.c.internals.ConsumerCoordinator  : [Consumer clientId=consumer-mdlpbr2-1, groupId=mdlpbr2] Member consumer-mdlpbr2-1-4d7642f1-0d6e-4e26-987d-d3d42767456b sending LeaveGroup request to coordinator 54.196.138.162:8080 (id: 2147483647 rack: null) due to the consumer unsubscribed from all topics
2024-12-06 01:30:48,068  INFO 103737 --- [org.springframework.kafka.KafkaListenerEndpointContainer#0-0-C-1] o.a.k.c.c.internals.ConsumerCoordinator  : [Consumer clientId=consumer-mdlpbr2-1, groupId=mdlpbr2] Resetting generation and member id due to: consumer pro-actively leaving the group
2024-12-06 01:30:48,068  INFO 103737 --- [org.springframework.kafka.KafkaListenerEndpointContainer#0-0-C-1] o.a.k.c.c.internals.ConsumerCoordinator  : [Consumer clientId=consumer-mdlpbr2-1, groupId=mdlpbr2] Request joining group due to: consumer pro-actively leaving the group
2024-12-06 01:30:48,068  INFO 103737 --- [org.springframework.kafka.KafkaListenerEndpointContainer#0-0-C-1] o.a.k.clients.consumer.KafkaConsumer     : [Consumer clientId=consumer-mdlpbr2-1, groupId=mdlpbr2] Unsubscribed all topics or patterns and assigned partitions
2024-12-06 01:30:48,069  INFO 103737 --- [org.springframework.kafka.KafkaListenerEndpointContainer#0-0-C-1] o.a.k.c.c.internals.ConsumerCoordinator  : [Consumer clientId=consumer-mdlpbr2-1, groupId=mdlpbr2] Resetting generation and member id due to: consumer pro-actively leaving the group
2024-12-06 01:30:48,069  INFO 103737 --- [org.springframework.kafka.KafkaListenerEndpointContainer#0-0-C-1] o.a.k.c.c.internals.ConsumerCoordinator  : [Consumer clientId=consumer-mdlpbr2-1, groupId=mdlpbr2] Request joining group due to: consumer pro-actively leaving the group
2024-12-06 01:30:48,227  INFO 103737 --- [org.springframework.kafka.KafkaListenerEndpointContainer#0-0-C-1] o.apache.kafka.common.metrics.Metrics    : Metrics scheduler closed
2024-12-06 01:30:48,227  INFO 103737 --- [org.springframework.kafka.KafkaListenerEndpointContainer#0-0-C-1] o.apache.kafka.common.metrics.Metrics    : Closing reporter org.apache.kafka.common.metrics.JmxReporter
2024-12-06 01:30:48,227  INFO 103737 --- [org.springframework.kafka.KafkaListenerEndpointContainer#0-0-C-1] o.apache.kafka.common.metrics.Metrics    : Metrics reporters closed
2024-12-06 01:30:48,232  INFO 103737 --- [org.springframework.kafka.KafkaListenerEndpointContainer#0-0-C-1] o.a.kafka.common.utils.AppInfoParser     : App info kafka.consumer for consumer-mdlpbr2-1 unregistered
2024-12-06 01:30:48,233  INFO 103737 --- [org.springframework.kafka.KafkaListenerEndpointContainer#0-0-C-1] o.s.k.l.KafkaMessageListenerContainer    : mdlpbr2: Consumer stopped
2024-12-06 10:53:26,040  INFO 112427 --- [main] c.l.kafka.consumer.ConsumerApplication   : Starting ConsumerApplication using Java 17.0.11 with PID 112427 (/home/demori/spring_ws/kafka_e_RabbitMQ/kafka/consumer/target/classes started by demori in /home/demori/spring_ws/kafka_e_RabbitMQ/kafka/consumer)
2024-12-06 10:53:26,043  INFO 112427 --- [main] c.l.kafka.consumer.ConsumerApplication   : No active profile set, falling back to 1 default profile: "default"
2024-12-06 10:53:26,988  INFO 112427 --- [main] o.s.cloud.context.scope.GenericScope     : BeanFactory id=acea681e-00d8-3a04-8bfe-560fbd1e9514
2024-12-06 10:53:27,447  INFO 112427 --- [main] o.s.b.w.embedded.tomcat.TomcatWebServer  : Tomcat initialized with port(s): 10003 (http)
2024-12-06 10:53:27,460  INFO 112427 --- [main] o.apache.catalina.core.StandardService   : Starting service [Tomcat]
2024-12-06 10:53:27,460  INFO 112427 --- [main] o.apache.catalina.core.StandardEngine    : Starting Servlet engine: [Apache Tomcat/10.1.15]
2024-12-06 10:53:27,587  INFO 112427 --- [main] o.a.c.c.C.[Tomcat].[localhost].[/]       : Initializing Spring embedded WebApplicationContext
2024-12-06 10:53:27,588  INFO 112427 --- [main] w.s.c.ServletWebServerApplicationContext : Root WebApplicationContext: initialization completed in 1470 ms
2024-12-06 10:53:28,352  INFO 112427 --- [main] o.s.b.w.embedded.tomcat.TomcatWebServer  : Tomcat started on port(s): 10003 (http) with context path ''
2024-12-06 10:53:28,406  INFO 112427 --- [main] o.a.k.clients.consumer.ConsumerConfig    : ConsumerConfig values: 
	allow.auto.create.topics = true
	auto.commit.interval.ms = 5000
	auto.include.jmx.reporter = true
	auto.offset.reset = latest
	bootstrap.servers = [54.196.138.162:8080]
	check.crcs = true
	client.dns.lookup = use_all_dns_ips
	client.id = consumer-mdlpbr2-1
	client.rack = 
	connections.max.idle.ms = 540000
	default.api.timeout.ms = 60000
	enable.auto.commit = false
	exclude.internal.topics = true
	fetch.max.bytes = 52428800
	fetch.max.wait.ms = 500
	fetch.min.bytes = 1
	group.id = mdlpbr2
	group.instance.id = null
	heartbeat.interval.ms = 3000
	interceptor.classes = []
	internal.leave.group.on.close = true
	internal.throw.on.fetch.stable.offset.unsupported = false
	isolation.level = read_uncommitted
	key.deserializer = class org.apache.kafka.common.serialization.StringDeserializer
	max.partition.fetch.bytes = 1048576
	max.poll.interval.ms = 300000
	max.poll.records = 500
	metadata.max.age.ms = 300000
	metric.reporters = []
	metrics.num.samples = 2
	metrics.recording.level = INFO
	metrics.sample.window.ms = 30000
	partition.assignment.strategy = [class org.apache.kafka.clients.consumer.RangeAssignor, class org.apache.kafka.clients.consumer.CooperativeStickyAssignor]
	receive.buffer.bytes = 65536
	reconnect.backoff.max.ms = 1000
	reconnect.backoff.ms = 50
	request.timeout.ms = 30000
	retry.backoff.ms = 100
	sasl.client.callback.handler.class = null
	sasl.jaas.config = null
	sasl.kerberos.kinit.cmd = /usr/bin/kinit
	sasl.kerberos.min.time.before.relogin = 60000
	sasl.kerberos.service.name = null
	sasl.kerberos.ticket.renew.jitter = 0.05
	sasl.kerberos.ticket.renew.window.factor = 0.8
	sasl.login.callback.handler.class = null
	sasl.login.class = null
	sasl.login.connect.timeout.ms = null
	sasl.login.read.timeout.ms = null
	sasl.login.refresh.buffer.seconds = 300
	sasl.login.refresh.min.period.seconds = 60
	sasl.login.refresh.window.factor = 0.8
	sasl.login.refresh.window.jitter = 0.05
	sasl.login.retry.backoff.max.ms = 10000
	sasl.login.retry.backoff.ms = 100
	sasl.mechanism = GSSAPI
	sasl.oauthbearer.clock.skew.seconds = 30
	sasl.oauthbearer.expected.audience = null
	sasl.oauthbearer.expected.issuer = null
	sasl.oauthbearer.jwks.endpoint.refresh.ms = 3600000
	sasl.oauthbearer.jwks.endpoint.retry.backoff.max.ms = 10000
	sasl.oauthbearer.jwks.endpoint.retry.backoff.ms = 100
	sasl.oauthbearer.jwks.endpoint.url = null
	sasl.oauthbearer.scope.claim.name = scope
	sasl.oauthbearer.sub.claim.name = sub
	sasl.oauthbearer.token.endpoint.url = null
	security.protocol = PLAINTEXT
	security.providers = null
	send.buffer.bytes = 131072
	session.timeout.ms = 45000
	socket.connection.setup.timeout.max.ms = 30000
	socket.connection.setup.timeout.ms = 10000
	ssl.cipher.suites = null
	ssl.enabled.protocols = [TLSv1.2, TLSv1.3]
	ssl.endpoint.identification.algorithm = https
	ssl.engine.factory.class = null
	ssl.key.password = null
	ssl.keymanager.algorithm = SunX509
	ssl.keystore.certificate.chain = null
	ssl.keystore.key = null
	ssl.keystore.location = null
	ssl.keystore.password = null
	ssl.keystore.type = JKS
	ssl.protocol = TLSv1.3
	ssl.provider = null
	ssl.secure.random.implementation = null
	ssl.trustmanager.algorithm = PKIX
	ssl.truststore.certificates = null
	ssl.truststore.location = null
	ssl.truststore.password = null
	ssl.truststore.type = JKS
	value.deserializer = class org.springframework.kafka.support.serializer.JsonDeserializer

2024-12-06 10:53:28,538  INFO 112427 --- [main] o.a.kafka.common.utils.AppInfoParser     : Kafka version: 3.4.1
2024-12-06 10:53:28,539  INFO 112427 --- [main] o.a.kafka.common.utils.AppInfoParser     : Kafka commitId: 8a516edc2755df89
2024-12-06 10:53:28,539  INFO 112427 --- [main] o.a.kafka.common.utils.AppInfoParser     : Kafka startTimeMs: 1733493208537
2024-12-06 10:53:28,541  INFO 112427 --- [main] o.a.k.clients.consumer.KafkaConsumer     : [Consumer clientId=consumer-mdlpbr2-1, groupId=mdlpbr2] Subscribed to topic(s): mdlpbr2Tgi
2024-12-06 10:53:28,560  INFO 112427 --- [main] c.l.kafka.consumer.ConsumerApplication   : Started ConsumerApplication in 3.126 seconds (process running for 3.578)
2024-12-06 10:53:29,300  INFO 112427 --- [org.springframework.kafka.KafkaListenerEndpointContainer#0-0-C-1] org.apache.kafka.clients.Metadata        : [Consumer clientId=consumer-mdlpbr2-1, groupId=mdlpbr2] Resetting the last seen epoch of partition mdlpbr2Tgi-0 to 0 since the associated topicId changed from null to 8YE3X1rPTuGAm7cRTcjRiQ
2024-12-06 10:53:29,301  INFO 112427 --- [org.springframework.kafka.KafkaListenerEndpointContainer#0-0-C-1] org.apache.kafka.clients.Metadata        : [Consumer clientId=consumer-mdlpbr2-1, groupId=mdlpbr2] Resetting the last seen epoch of partition mdlpbr2Tgi-2 to 0 since the associated topicId changed from null to 8YE3X1rPTuGAm7cRTcjRiQ
2024-12-06 10:53:29,302  INFO 112427 --- [org.springframework.kafka.KafkaListenerEndpointContainer#0-0-C-1] org.apache.kafka.clients.Metadata        : [Consumer clientId=consumer-mdlpbr2-1, groupId=mdlpbr2] Resetting the last seen epoch of partition mdlpbr2Tgi-1 to 0 since the associated topicId changed from null to 8YE3X1rPTuGAm7cRTcjRiQ
2024-12-06 10:53:29,306  INFO 112427 --- [org.springframework.kafka.KafkaListenerEndpointContainer#0-0-C-1] org.apache.kafka.clients.Metadata        : [Consumer clientId=consumer-mdlpbr2-1, groupId=mdlpbr2] Cluster ID: IEXiwyT8RWujNSgK6mq9-w
2024-12-06 10:53:29,308  INFO 112427 --- [org.springframework.kafka.KafkaListenerEndpointContainer#0-0-C-1] o.a.k.c.c.internals.ConsumerCoordinator  : [Consumer clientId=consumer-mdlpbr2-1, groupId=mdlpbr2] Discovered group coordinator 54.196.138.162:8080 (id: 2147483647 rack: null)
2024-12-06 10:53:29,311  INFO 112427 --- [org.springframework.kafka.KafkaListenerEndpointContainer#0-0-C-1] o.a.k.c.c.internals.ConsumerCoordinator  : [Consumer clientId=consumer-mdlpbr2-1, groupId=mdlpbr2] (Re-)joining group
2024-12-06 10:53:29,811  INFO 112427 --- [org.springframework.kafka.KafkaListenerEndpointContainer#0-0-C-1] o.a.k.c.c.internals.ConsumerCoordinator  : [Consumer clientId=consumer-mdlpbr2-1, groupId=mdlpbr2] Request joining group due to: need to re-join with the given member-id: consumer-mdlpbr2-1-63f499c0-b4c6-4ade-b38c-d5b6b9f155e6
2024-12-06 10:53:29,813  INFO 112427 --- [org.springframework.kafka.KafkaListenerEndpointContainer#0-0-C-1] o.a.k.c.c.internals.ConsumerCoordinator  : [Consumer clientId=consumer-mdlpbr2-1, groupId=mdlpbr2] Request joining group due to: rebalance failed due to 'The group member needs to have a valid member id before actually entering a consumer group.' (MemberIdRequiredException)
2024-12-06 10:53:29,813  INFO 112427 --- [org.springframework.kafka.KafkaListenerEndpointContainer#0-0-C-1] o.a.k.c.c.internals.ConsumerCoordinator  : [Consumer clientId=consumer-mdlpbr2-1, groupId=mdlpbr2] (Re-)joining group
2024-12-06 10:53:29,972  INFO 112427 --- [org.springframework.kafka.KafkaListenerEndpointContainer#0-0-C-1] o.a.k.c.c.internals.ConsumerCoordinator  : [Consumer clientId=consumer-mdlpbr2-1, groupId=mdlpbr2] Successfully joined group with generation Generation{generationId=10, memberId='consumer-mdlpbr2-1-63f499c0-b4c6-4ade-b38c-d5b6b9f155e6', protocol='range'}
2024-12-06 10:53:29,976  INFO 112427 --- [org.springframework.kafka.KafkaListenerEndpointContainer#0-0-C-1] o.a.k.c.c.internals.ConsumerCoordinator  : [Consumer clientId=consumer-mdlpbr2-1, groupId=mdlpbr2] Finished assignment for group at generation 10: {consumer-mdlpbr2-1-63f499c0-b4c6-4ade-b38c-d5b6b9f155e6=Assignment(partitions=[mdlpbr2Tgi-0, mdlpbr2Tgi-1, mdlpbr2Tgi-2])}
2024-12-06 10:53:30,135  INFO 112427 --- [org.springframework.kafka.KafkaListenerEndpointContainer#0-0-C-1] o.a.k.c.c.internals.ConsumerCoordinator  : [Consumer clientId=consumer-mdlpbr2-1, groupId=mdlpbr2] Successfully synced group in generation Generation{generationId=10, memberId='consumer-mdlpbr2-1-63f499c0-b4c6-4ade-b38c-d5b6b9f155e6', protocol='range'}
2024-12-06 10:53:30,139  INFO 112427 --- [org.springframework.kafka.KafkaListenerEndpointContainer#0-0-C-1] o.a.k.c.c.internals.ConsumerCoordinator  : [Consumer clientId=consumer-mdlpbr2-1, groupId=mdlpbr2] Notifying assignor about the new Assignment(partitions=[mdlpbr2Tgi-0, mdlpbr2Tgi-1, mdlpbr2Tgi-2])
2024-12-06 10:53:30,143  INFO 112427 --- [org.springframework.kafka.KafkaListenerEndpointContainer#0-0-C-1] o.a.k.c.c.internals.ConsumerCoordinator  : [Consumer clientId=consumer-mdlpbr2-1, groupId=mdlpbr2] Adding newly assigned partitions: mdlpbr2Tgi-0, mdlpbr2Tgi-1, mdlpbr2Tgi-2
2024-12-06 10:53:30,492  INFO 112427 --- [org.springframework.kafka.KafkaListenerEndpointContainer#0-0-C-1] o.a.k.c.c.internals.ConsumerCoordinator  : [Consumer clientId=consumer-mdlpbr2-1, groupId=mdlpbr2] Setting offset for partition mdlpbr2Tgi-2 to the committed offset FetchPosition{offset=22, offsetEpoch=Optional.empty, currentLeader=LeaderAndEpoch{leader=Optional[54.196.138.162:8080 (id: 0 rack: null)], epoch=0}}
2024-12-06 10:53:30,493  INFO 112427 --- [org.springframework.kafka.KafkaListenerEndpointContainer#0-0-C-1] o.a.k.c.c.internals.ConsumerCoordinator  : [Consumer clientId=consumer-mdlpbr2-1, groupId=mdlpbr2] Setting offset for partition mdlpbr2Tgi-1 to the committed offset FetchPosition{offset=15, offsetEpoch=Optional.empty, currentLeader=LeaderAndEpoch{leader=Optional[54.196.138.162:8080 (id: 0 rack: null)], epoch=0}}
2024-12-06 10:53:30,494  INFO 112427 --- [org.springframework.kafka.KafkaListenerEndpointContainer#0-0-C-1] o.a.k.c.c.internals.ConsumerCoordinator  : [Consumer clientId=consumer-mdlpbr2-1, groupId=mdlpbr2] Setting offset for partition mdlpbr2Tgi-0 to the committed offset FetchPosition{offset=16, offsetEpoch=Optional.empty, currentLeader=LeaderAndEpoch{leader=Optional[54.196.138.162:8080 (id: 0 rack: null)], epoch=0}}
2024-12-06 10:53:30,497  INFO 112427 --- [org.springframework.kafka.KafkaListenerEndpointContainer#0-0-C-1] o.s.k.l.KafkaMessageListenerContainer    : mdlpbr2: partitions assigned: [mdlpbr2Tgi-0, mdlpbr2Tgi-1, mdlpbr2Tgi-2]
2024-12-06 10:53:31,081  INFO 112427 --- [org.springframework.kafka.KafkaListenerEndpointContainer#0-0-C-1] c.l.k.consumer.consumer.messageConsumer  : Received Message in partition 0
2024-12-06 10:53:31,081  INFO 112427 --- [org.springframework.kafka.KafkaListenerEndpointContainer#0-0-C-1] c.l.k.consumer.consumer.messageConsumer  : Received Message: MessageDTO(uniqueID=88140239-d60f-4ed5-b16e-fdf294231bed, subject=ANDERSON FERREIRA, payload=BOA NOITE FROM VM HOST LINUX DE CAMPO GRANDE RJ - FIM DO DIA)
2024-12-06 10:53:31,082  INFO 112427 --- [org.springframework.kafka.KafkaListenerEndpointContainer#0-0-C-1] c.l.k.consumer.consumer.messageConsumer  : Received Message in partition 0
2024-12-06 10:53:31,082  INFO 112427 --- [org.springframework.kafka.KafkaListenerEndpointContainer#0-0-C-1] c.l.k.consumer.consumer.messageConsumer  : Received Message: MessageDTO(uniqueID=95c3ce86-9311-4257-b071-1d26458d3006, subject=ANDERSON FERREIRA, payload=BOA NOITE FROM VM HOST LINUX DE CAMPO GRANDE RJ - INICIO SEXTA!)
2024-12-06 10:53:31,082  INFO 112427 --- [org.springframework.kafka.KafkaListenerEndpointContainer#0-0-C-1] c.l.k.consumer.consumer.messageConsumer  : Received Message in partition 0
2024-12-06 10:53:31,082  INFO 112427 --- [org.springframework.kafka.KafkaListenerEndpointContainer#0-0-C-1] c.l.k.consumer.consumer.messageConsumer  : Received Message: MessageDTO(uniqueID=0db5e397-91f7-491d-8b39-6f30fcbe1d07, subject=ANDERSON FERREIRA, payload=BOA NOITE FROM VM HOST LINUX DE CAMPO GRANDE RJ - INICIO SEXTA!)
2024-12-06 10:53:31,082  INFO 112427 --- [org.springframework.kafka.KafkaListenerEndpointContainer#0-0-C-1] c.l.k.consumer.consumer.messageConsumer  : Received Message in partition 0
2024-12-06 10:53:31,082  INFO 112427 --- [org.springframework.kafka.KafkaListenerEndpointContainer#0-0-C-1] c.l.k.consumer.consumer.messageConsumer  : Received Message: MessageDTO(uniqueID=f63f7c8e-4905-492b-99fc-0005faa73d2d, subject=ANDERSON FERREIRA, payload=BOA NOITE FROM VM HOST LINUX DE CAMPO GRANDE RJ - INICIO SEXTA!)
2024-12-06 10:53:31,082  INFO 112427 --- [org.springframework.kafka.KafkaListenerEndpointContainer#0-0-C-1] c.l.k.consumer.consumer.messageConsumer  : Received Message in partition 0
2024-12-06 10:53:31,082  INFO 112427 --- [org.springframework.kafka.KafkaListenerEndpointContainer#0-0-C-1] c.l.k.consumer.consumer.messageConsumer  : Received Message: MessageDTO(uniqueID=dae2094a-0456-4080-9e11-c782ddd20423, subject=teste de comunicação, payload=teste de comunicação )
2024-12-06 10:53:31,082  INFO 112427 --- [org.springframework.kafka.KafkaListenerEndpointContainer#0-0-C-1] c.l.k.consumer.consumer.messageConsumer  : Received Message in partition 2
2024-12-06 10:53:31,082  INFO 112427 --- [org.springframework.kafka.KafkaListenerEndpointContainer#0-0-C-1] c.l.k.consumer.consumer.messageConsumer  : Received Message: MessageDTO(uniqueID=1be7b06d-4e61-4d2c-b106-580cb9473013, subject=ANDERSON FERREIRA, payload=BOA NOITE FROM VM HOST LINUX DE CAMPO GRANDE RJ - INICIO SEXTA!)
2024-12-06 10:53:31,083  INFO 112427 --- [org.springframework.kafka.KafkaListenerEndpointContainer#0-0-C-1] c.l.k.consumer.consumer.messageConsumer  : Received Message in partition 2
2024-12-06 10:53:31,083  INFO 112427 --- [org.springframework.kafka.KafkaListenerEndpointContainer#0-0-C-1] c.l.k.consumer.consumer.messageConsumer  : Received Message: MessageDTO(uniqueID=b4988716-7ad5-4341-949d-4518d4312428, subject=ANDERSON FERREIRA, payload=BOA NOITE FROM VM HOST LINUX DE CAMPO GRANDE RJ - INICIO SEXTA!)
2024-12-06 10:53:31,083  INFO 112427 --- [org.springframework.kafka.KafkaListenerEndpointContainer#0-0-C-1] c.l.k.consumer.consumer.messageConsumer  : Received Message in partition 2
2024-12-06 10:53:31,083  INFO 112427 --- [org.springframework.kafka.KafkaListenerEndpointContainer#0-0-C-1] c.l.k.consumer.consumer.messageConsumer  : Received Message: MessageDTO(uniqueID=2c3afc98-5619-49bb-abc4-6976d2b8c65a, subject=ANDERSON FERREIRA, payload=BOM DIA - EXERCICIO INTEGRACAO RUI ANDRE ANDERSON- INICIO SEXTA!)
2024-12-06 10:53:31,083  INFO 112427 --- [org.springframework.kafka.KafkaListenerEndpointContainer#0-0-C-1] c.l.k.consumer.consumer.messageConsumer  : Received Message in partition 1
2024-12-06 10:53:31,083  INFO 112427 --- [org.springframework.kafka.KafkaListenerEndpointContainer#0-0-C-1] c.l.k.consumer.consumer.messageConsumer  : Received Message: MessageDTO(uniqueID=a64b5d43-4ec1-4731-8b61-1fc2e5ce4a1f, subject=ANDERSON FERREIRA, payload=BOA NOITE FROM VM HOST LINUX DE CAMPO GRANDE RJ - FIM DO DIA)
2024-12-06 10:53:31,083  INFO 112427 --- [org.springframework.kafka.KafkaListenerEndpointContainer#0-0-C-1] c.l.k.consumer.consumer.messageConsumer  : Received Message in partition 1
2024-12-06 10:53:31,083  INFO 112427 --- [org.springframework.kafka.KafkaListenerEndpointContainer#0-0-C-1] c.l.k.consumer.consumer.messageConsumer  : Received Message: MessageDTO(uniqueID=4ae0160d-1a3d-4927-9667-840b9d872705, subject=ANDERSON FERREIRA, payload=BOA NOITE FROM VM HOST LINUX DE CAMPO GRANDE RJ - FIM DO DIA!)
2024-12-06 10:53:31,083  INFO 112427 --- [org.springframework.kafka.KafkaListenerEndpointContainer#0-0-C-1] c.l.k.consumer.consumer.messageConsumer  : Received Message in partition 1
2024-12-06 10:53:31,083  INFO 112427 --- [org.springframework.kafka.KafkaListenerEndpointContainer#0-0-C-1] c.l.k.consumer.consumer.messageConsumer  : Received Message: MessageDTO(uniqueID=fe8b1e15-6add-482f-bbfe-d432ac693bce, subject=ANDERSON FERREIRA, payload=BOA NOITE FROM VM HOST LINUX DE CAMPO GRANDE RJ - INICIO SEXTA!)
2024-12-06 10:53:31,083  INFO 112427 --- [org.springframework.kafka.KafkaListenerEndpointContainer#0-0-C-1] c.l.k.consumer.consumer.messageConsumer  : Received Message in partition 1
2024-12-06 10:53:31,083  INFO 112427 --- [org.springframework.kafka.KafkaListenerEndpointContainer#0-0-C-1] c.l.k.consumer.consumer.messageConsumer  : Received Message: MessageDTO(uniqueID=9733c0f5-6c60-494e-94c2-3ea169c52426, subject=ANDERSON FERREIRA, payload=BOA NOITE FROM VM HOST LINUX DE CAMPO GRANDE RJ - INICIO SEXTA!)
2024-12-06 10:53:31,083  INFO 112427 --- [org.springframework.kafka.KafkaListenerEndpointContainer#0-0-C-1] c.l.k.consumer.consumer.messageConsumer  : Received Message in partition 1
2024-12-06 10:53:31,083  INFO 112427 --- [org.springframework.kafka.KafkaListenerEndpointContainer#0-0-C-1] c.l.k.consumer.consumer.messageConsumer  : Received Message: MessageDTO(uniqueID=f85f6c44-0865-4d1d-aabd-23f4eb5c0e19, subject=ANDERSON FERREIRA, payload=BOA NOITE FROM VM HOST LINUX DE CAMPO GRANDE RJ - INICIO SEXTA!)
2024-12-06 10:53:31,083  INFO 112427 --- [org.springframework.kafka.KafkaListenerEndpointContainer#0-0-C-1] c.l.k.consumer.consumer.messageConsumer  : Received Message in partition 1
2024-12-06 10:53:31,083  INFO 112427 --- [org.springframework.kafka.KafkaListenerEndpointContainer#0-0-C-1] c.l.k.consumer.consumer.messageConsumer  : Received Message: MessageDTO(uniqueID=f26be757-d64e-4b53-8518-22aaa62d7169, subject=ANDERSON FERREIRA, payload=BOA NOITE FROM VM HOST LINUX DE CAMPO GRANDE RJ - INICIO SEXTA!)
2024-12-06 10:53:31,084  INFO 112427 --- [org.springframework.kafka.KafkaListenerEndpointContainer#0-0-C-1] c.l.k.consumer.consumer.messageConsumer  : Received Message in partition 1
2024-12-06 10:53:31,084  INFO 112427 --- [org.springframework.kafka.KafkaListenerEndpointContainer#0-0-C-1] c.l.k.consumer.consumer.messageConsumer  : Received Message: MessageDTO(uniqueID=736b49a4-af88-4fff-9979-8f44ded328b1, subject=teste de comunicação, payload=teste de comunicação )
2024-12-06 10:58:14,738  INFO 112427 --- [org.springframework.kafka.KafkaListenerEndpointContainer#0-0-C-1] c.l.k.consumer.consumer.messageConsumer  : Received Message in partition 0
2024-12-06 10:58:14,738  INFO 112427 --- [org.springframework.kafka.KafkaListenerEndpointContainer#0-0-C-1] c.l.k.consumer.consumer.messageConsumer  : Received Message: MessageDTO(uniqueID=b61da52d-3c9e-4910-a764-286bbd3e73e2, subject=ANDERSON FERREIRA, payload=INSTANCIA LOCAL DE KAFKA NO 7o)
2024-12-06 11:02:29,331  INFO 112427 --- [org.springframework.kafka.KafkaListenerEndpointContainer#0-0-C-1] org.apache.kafka.clients.NetworkClient   : [Consumer clientId=consumer-mdlpbr2-1, groupId=mdlpbr2] Node -1 disconnected.
2024-12-06 11:08:58,585  INFO 112427 --- [org.springframework.kafka.KafkaListenerEndpointContainer#0-0-C-1] o.a.k.c.c.internals.ConsumerCoordinator  : [Consumer clientId=consumer-mdlpbr2-1, groupId=mdlpbr2] Revoke previously assigned partitions mdlpbr2Tgi-0, mdlpbr2Tgi-1, mdlpbr2Tgi-2
2024-12-06 11:08:58,586  INFO 112427 --- [org.springframework.kafka.KafkaListenerEndpointContainer#0-0-C-1] o.s.k.l.KafkaMessageListenerContainer    : mdlpbr2: partitions revoked: [mdlpbr2Tgi-0, mdlpbr2Tgi-1, mdlpbr2Tgi-2]
2024-12-06 11:08:58,587  INFO 112427 --- [org.springframework.kafka.KafkaListenerEndpointContainer#0-0-C-1] o.a.k.c.c.internals.ConsumerCoordinator  : [Consumer clientId=consumer-mdlpbr2-1, groupId=mdlpbr2] Member consumer-mdlpbr2-1-63f499c0-b4c6-4ade-b38c-d5b6b9f155e6 sending LeaveGroup request to coordinator 54.196.138.162:8080 (id: 2147483647 rack: null) due to the consumer unsubscribed from all topics
2024-12-06 11:08:58,588  INFO 112427 --- [org.springframework.kafka.KafkaListenerEndpointContainer#0-0-C-1] o.a.k.c.c.internals.ConsumerCoordinator  : [Consumer clientId=consumer-mdlpbr2-1, groupId=mdlpbr2] Resetting generation and member id due to: consumer pro-actively leaving the group
2024-12-06 11:08:58,589  INFO 112427 --- [org.springframework.kafka.KafkaListenerEndpointContainer#0-0-C-1] o.a.k.c.c.internals.ConsumerCoordinator  : [Consumer clientId=consumer-mdlpbr2-1, groupId=mdlpbr2] Request joining group due to: consumer pro-actively leaving the group
2024-12-06 11:08:58,589  INFO 112427 --- [org.springframework.kafka.KafkaListenerEndpointContainer#0-0-C-1] o.a.k.clients.consumer.KafkaConsumer     : [Consumer clientId=consumer-mdlpbr2-1, groupId=mdlpbr2] Unsubscribed all topics or patterns and assigned partitions
2024-12-06 11:08:58,589  INFO 112427 --- [org.springframework.kafka.KafkaListenerEndpointContainer#0-0-C-1] o.a.k.c.c.internals.ConsumerCoordinator  : [Consumer clientId=consumer-mdlpbr2-1, groupId=mdlpbr2] Resetting generation and member id due to: consumer pro-actively leaving the group
2024-12-06 11:08:58,589  INFO 112427 --- [org.springframework.kafka.KafkaListenerEndpointContainer#0-0-C-1] o.a.k.c.c.internals.ConsumerCoordinator  : [Consumer clientId=consumer-mdlpbr2-1, groupId=mdlpbr2] Request joining group due to: consumer pro-actively leaving the group
